android/app/build/intermediates/manifest_merge_blame_file/debug/processDebugMainManifest/manifest-merger-blame-debug-report.txt
1<?xml version="1.0" encoding="utf-8"?>
2<manifest xmlns:android="http://schemas.android.com/apk/res/android"
3    package="com.example.bovine_classifier_app"
4    android:versionCode="1"
5    android:versionName="1.0.0" >
6
7    <uses-sdk
8        android:minSdkVersion="23"
9        android:targetSdkVersion="34" />
10    <!--
11         The INTERNET permission is required for development. Specifically,
12         the Flutter tool needs it to communicate with the running application
13         to allow setting breakpoints, to provide hot reload, etc.
14    -->
15    <uses-permission android:name="android.permission.INTERNET" />
15-->src\main\AndroidManifest.xml:4:5-66
15-->src\main\AndroidManifest.xml:4:22-64
16    <uses-permission android:name="android.permission.CAMERA" />
16-->src\main\AndroidManifest.xml:5:5-64
16-->src\main\AndroidManifest.xml:5:22-62
17    <uses-permission android:name="android.permission.ACCESS_FINE_LOCATION" />
17-->src\main\AndroidManifest.xml:7:5-78
17-->src\main\AndroidManifest.xml:7:22-76
18    <uses-permission android:name="android.permission.ACCESS_COARSE_LOCATION" /> <!-- Text processing query used by Flutter engine -->
18-->src\main\AndroidManifest.xml:8:5-80
18-->src\main\AndroidManifest.xml:8:22-78
19    <queries>
19-->src\main\AndroidManifest.xml:45:5-50:15
20        <intent>
20-->src\main\AndroidManifest.xml:46:9-49:18
21            <action android:name="android.intent.action.PROCESS_TEXT" />
21-->src\main\AndroidManifest.xml:47:13-73
21-->src\main\AndroidManifest.xml:47:21-70
22
23            <data android:mimeType="text/plain" />
23-->src\main\AndroidManifest.xml:48:13-51
23-->src\main\AndroidManifest.xml:48:19-48
24        </intent>
25    </queries>
26
27    <uses-permission android:name="android.permission.ACCESS_NETWORK_STATE" />
27-->[com.google.firebase:firebase-auth:23.2.1] AndroidManifest.xml:26:5-79
27-->[com.google.firebase:firebase-auth:23.2.1] AndroidManifest.xml:26:22-76
28    <uses-permission android:name="com.google.android.providers.gsf.permission.READ_GSERVICES" />
28-->[com.google.android.recaptcha:recaptcha:18.6.1] AndroidManifest.xml:9:5-98
28-->[com.google.android.recaptcha:recaptcha:18.6.1] AndroidManifest.xml:9:22-95
29
30    <permission
30-->[androidx.core:core:1.13.1] AndroidManifest.xml:22:5-24:47
31        android:name="com.example.bovine_classifier_app.DYNAMIC_RECEIVER_NOT_EXPORTED_PERMISSION"
31-->[androidx.core:core:1.13.1] AndroidManifest.xml:23:9-81
32        android:protectionLevel="signature" />
32-->[androidx.core:core:1.13.1] AndroidManifest.xml:24:9-44
33
34    <uses-permission android:name="com.example.bovine_classifier_app.DYNAMIC_RECEIVER_NOT_EXPORTED_PERMISSION" />
34-->[androidx.core:core:1.13.1] AndroidManifest.xml:26:5-97
34-->[androidx.core:core:1.13.1] AndroidManifest.xml:26:22-94
35
36    <application
37        android:name="android.app.Application"
38        android:appComponentFactory="androidx.core.app.CoreComponentFactory"
38-->[androidx.core:core:1.13.1] AndroidManifest.xml:28:18-86
39        android:debuggable="true"
40        android:extractNativeLibs="false"
41        android:icon="@mipmap/ic_launcher"
42        android:label="bovine_classifier_app"
43        android:networkSecurityConfig="@xml/network_security_config"
44        android:usesCleartextTraffic="true" >
45        <activity
46            android:name="com.example.bovine_classifier_app.MainActivity"
47            android:configChanges="orientation|keyboardHidden|keyboard|screenSize|smallestScreenSize|locale|layoutDirection|fontScale|screenLayout|density|uiMode"
48            android:exported="true"
49            android:hardwareAccelerated="true"
50            android:launchMode="singleTop"
51            android:theme="@style/LaunchTheme"
52            android:windowSoftInputMode="adjustResize" >
53
54            <!-- Theme while Flutter initializes -->
55            <meta-data
56                android:name="io.flutter.embedding.android.NormalTheme"
57                android:resource="@style/NormalTheme" />
58
59            <intent-filter>
60                <action android:name="android.intent.action.MAIN" />
61
62                <category android:name="android.intent.category.LAUNCHER" />
63            </intent-filter>
64        </activity>
65
66        <!-- Used by Flutter tooling -->
67        <meta-data
68            android:name="flutterEmbedding"
69            android:value="2" />
70
71        <service
71-->[:geolocator_android] AndroidManifest.xml:8:9-12:56
72            android:name="com.baseflow.geolocator.GeolocatorLocationService"
72-->[:geolocator_android] AndroidManifest.xml:9:13-77
73            android:enabled="true"
73-->[:geolocator_android] AndroidManifest.xml:10:13-35
74            android:exported="false"
74-->[:geolocator_android] AndroidManifest.xml:11:13-37
75            android:foregroundServiceType="location" />
75-->[:geolocator_android] AndroidManifest.xml:12:13-53
76        <service
76-->[:cloud_firestore] AndroidManifest.xml:8:9-12:19
77            android:name="com.google.firebase.components.ComponentDiscoveryService"
77-->[:cloud_firestore] AndroidManifest.xml:8:18-89
78            android:directBootAware="true"
78-->[com.google.firebase:firebase-common:21.0.0] AndroidManifest.xml:32:13-43
79            android:exported="false" >
79-->[com.google.firebase:firebase-auth:23.2.1] AndroidManifest.xml:68:13-37
80            <meta-data
80-->[:cloud_firestore] AndroidManifest.xml:9:13-11:85
81                android:name="com.google.firebase.components:io.flutter.plugins.firebase.firestore.FlutterFirebaseFirestoreRegistrar"
81-->[:cloud_firestore] AndroidManifest.xml:10:17-134
82                android:value="com.google.firebase.components.ComponentRegistrar" />
82-->[:cloud_firestore] AndroidManifest.xml:11:17-82
83            <meta-data
83-->[:firebase_auth] AndroidManifest.xml:9:13-11:85
84                android:name="com.google.firebase.components:io.flutter.plugins.firebase.auth.FlutterFirebaseAuthRegistrar"
84-->[:firebase_auth] AndroidManifest.xml:10:17-124
85                android:value="com.google.firebase.components.ComponentRegistrar" />
85-->[:firebase_auth] AndroidManifest.xml:11:17-82
86            <meta-data
86-->[:firebase_core] AndroidManifest.xml:9:13-11:85
87                android:name="com.google.firebase.components:io.flutter.plugins.firebase.core.FlutterFirebaseCoreRegistrar"
87-->[:firebase_core] AndroidManifest.xml:10:17-124
88                android:value="com.google.firebase.components.ComponentRegistrar" />
88-->[:firebase_core] AndroidManifest.xml:11:17-82
89            <meta-data
89-->[com.google.firebase:firebase-auth:23.2.1] AndroidManifest.xml:69:13-71:85
90                android:name="com.google.firebase.components:com.google.firebase.auth.FirebaseAuthRegistrar"
90-->[com.google.firebase:firebase-auth:23.2.1] AndroidManifest.xml:70:17-109
91                android:value="com.google.firebase.components.ComponentRegistrar" />
91-->[com.google.firebase:firebase-auth:23.2.1] AndroidManifest.xml:71:17-82
92            <meta-data
92-->[com.google.firebase:firebase-firestore:25.1.4] AndroidManifest.xml:17:13-19:85
93                android:name="com.google.firebase.components:com.google.firebase.firestore.FirebaseFirestoreKtxRegistrar"
93-->[com.google.firebase:firebase-firestore:25.1.4] AndroidManifest.xml:18:17-122
94                android:value="com.google.firebase.components.ComponentRegistrar" />
94-->[com.google.firebase:firebase-firestore:25.1.4] AndroidManifest.xml:19:17-82
95            <meta-data
95-->[com.google.firebase:firebase-firestore:25.1.4] AndroidManifest.xml:20:13-22:85
96                android:name="com.google.firebase.components:com.google.firebase.firestore.FirestoreRegistrar"
96-->[com.google.firebase:firebase-firestore:25.1.4] AndroidManifest.xml:21:17-111
97                android:value="com.google.firebase.components.ComponentRegistrar" />
97-->[com.google.firebase:firebase-firestore:25.1.4] AndroidManifest.xml:22:17-82
98            <meta-data
98-->[com.google.firebase:firebase-common-ktx:21.0.0] AndroidManifest.xml:12:13-14:85
99                android:name="com.google.firebase.components:com.google.firebase.ktx.FirebaseCommonLegacyRegistrar"
99-->[com.google.firebase:firebase-common-ktx:21.0.0] AndroidManifest.xml:13:17-116
100                android:value="com.google.firebase.components.ComponentRegistrar" />
100-->[com.google.firebase:firebase-common-ktx:21.0.0] AndroidManifest.xml:14:17-82
101            <meta-data
101-->[com.google.firebase:firebase-common:21.0.0] AndroidManifest.xml:35:13-37:85
102                android:name="com.google.firebase.components:com.google.firebase.FirebaseCommonKtxRegistrar"
102-->[com.google.firebase:firebase-common:21.0.0] AndroidManifest.xml:36:17-109
103                android:value="com.google.firebase.components.ComponentRegistrar" />
103-->[com.google.firebase:firebase-common:21.0.0] AndroidManifest.xml:37:17-82
104        </service>
105
106        <provider
106-->[:image_picker_android] AndroidManifest.xml:9:9-17:20
107            android:name="io.flutter.plugins.imagepicker.ImagePickerFileProvider"
107-->[:image_picker_android] AndroidManifest.xml:10:13-82
108            android:authorities="com.example.bovine_classifier_app.flutter.image_provider"
108-->[:image_picker_android] AndroidManifest.xml:11:13-74
109            android:exported="false"
109-->[:image_picker_android] AndroidManifest.xml:12:13-37
110            android:grantUriPermissions="true" >
110-->[:image_picker_android] AndroidManifest.xml:13:13-47
111            <meta-data
111-->[:image_picker_android] AndroidManifest.xml:14:13-16:75
112                android:name="android.support.FILE_PROVIDER_PATHS"
112-->[:image_picker_android] AndroidManifest.xml:15:17-67
113                android:resource="@xml/flutter_image_picker_file_paths" />
113-->[:image_picker_android] AndroidManifest.xml:16:17-72
114        </provider> <!-- Trigger Google Play services to install the backported photo picker module. -->
115        <service
115-->[:image_picker_android] AndroidManifest.xml:19:9-31:19
116            android:name="com.google.android.gms.metadata.ModuleDependencies"
116-->[:image_picker_android] AndroidManifest.xml:20:13-78
117            android:enabled="false"
117-->[:image_picker_android] AndroidManifest.xml:21:13-36
118            android:exported="false" >
118-->[:image_picker_android] AndroidManifest.xml:22:13-37
119            <intent-filter>
119-->[:image_picker_android] AndroidManifest.xml:24:13-26:29
120                <action android:name="com.google.android.gms.metadata.MODULE_DEPENDENCIES" />
120-->[:image_picker_android] AndroidManifest.xml:25:17-94
120-->[:image_picker_android] AndroidManifest.xml:25:25-91
121            </intent-filter>
122
123            <meta-data
123-->[:image_picker_android] AndroidManifest.xml:28:13-30:36
124                android:name="photopicker_activity:0:required"
124-->[:image_picker_android] AndroidManifest.xml:29:17-63
125                android:value="" />
125-->[:image_picker_android] AndroidManifest.xml:30:17-33
126        </service>
127
128        <activity
128-->[:url_launcher_android] AndroidManifest.xml:8:9-11:74
129            android:name="io.flutter.plugins.urllauncher.WebViewActivity"
129-->[:url_launcher_android] AndroidManifest.xml:9:13-74
130            android:exported="false"
130-->[:url_launcher_android] AndroidManifest.xml:10:13-37
131            android:theme="@android:style/Theme.NoTitleBar.Fullscreen" />
131-->[:url_launcher_android] AndroidManifest.xml:11:13-71
132        <activity
132-->[com.google.firebase:firebase-auth:23.2.1] AndroidManifest.xml:29:9-46:20
133            android:name="com.google.firebase.auth.internal.GenericIdpActivity"
133-->[com.google.firebase:firebase-auth:23.2.1] AndroidManifest.xml:30:13-80
134            android:excludeFromRecents="true"
134-->[com.google.firebase:firebase-auth:23.2.1] AndroidManifest.xml:31:13-46
135            android:exported="true"
135-->[com.google.firebase:firebase-auth:23.2.1] AndroidManifest.xml:32:13-36
136            android:launchMode="singleTask"
136-->[com.google.firebase:firebase-auth:23.2.1] AndroidManifest.xml:33:13-44
137            android:theme="@android:style/Theme.Translucent.NoTitleBar" >
137-->[com.google.firebase:firebase-auth:23.2.1] AndroidManifest.xml:34:13-72
138            <intent-filter>
138-->[com.google.firebase:firebase-auth:23.2.1] AndroidManifest.xml:35:13-45:29
139                <action android:name="android.intent.action.VIEW" />
139-->[com.google.firebase:firebase-auth:23.2.1] AndroidManifest.xml:36:17-69
139-->[com.google.firebase:firebase-auth:23.2.1] AndroidManifest.xml:36:25-66
140
141                <category android:name="android.intent.category.DEFAULT" />
141-->[com.google.firebase:firebase-auth:23.2.1] AndroidManifest.xml:38:17-76
141-->[com.google.firebase:firebase-auth:23.2.1] AndroidManifest.xml:38:27-73
142                <category android:name="android.intent.category.BROWSABLE" />
142-->[com.google.firebase:firebase-auth:23.2.1] AndroidManifest.xml:39:17-78
142-->[com.google.firebase:firebase-auth:23.2.1] AndroidManifest.xml:39:27-75
143
144                <data
144-->src\main\AndroidManifest.xml:48:13-51
145                    android:host="firebase.auth"
146                    android:path="/"
147                    android:scheme="genericidp" />
148            </intent-filter>
149        </activity>
150        <activity
150-->[com.google.firebase:firebase-auth:23.2.1] AndroidManifest.xml:47:9-64:20
151            android:name="com.google.firebase.auth.internal.RecaptchaActivity"
151-->[com.google.firebase:firebase-auth:23.2.1] AndroidManifest.xml:48:13-79
152            android:excludeFromRecents="true"
152-->[com.google.firebase:firebase-auth:23.2.1] AndroidManifest.xml:49:13-46
153            android:exported="true"
153-->[com.google.firebase:firebase-auth:23.2.1] AndroidManifest.xml:50:13-36
154            android:launchMode="singleTask"
154-->[com.google.firebase:firebase-auth:23.2.1] AndroidManifest.xml:51:13-44
155            android:theme="@android:style/Theme.Translucent.NoTitleBar" >
155-->[com.google.firebase:firebase-auth:23.2.1] AndroidManifest.xml:52:13-72
156            <intent-filter>
156-->[com.google.firebase:firebase-auth:23.2.1] AndroidManifest.xml:53:13-63:29
157                <action android:name="android.intent.action.VIEW" />
157-->[com.google.firebase:firebase-auth:23.2.1] AndroidManifest.xml:36:17-69
157-->[com.google.firebase:firebase-auth:23.2.1] AndroidManifest.xml:36:25-66
158
159                <category android:name="android.intent.category.DEFAULT" />
159-->[com.google.firebase:firebase-auth:23.2.1] AndroidManifest.xml:38:17-76
159-->[com.google.firebase:firebase-auth:23.2.1] AndroidManifest.xml:38:27-73
160                <category android:name="android.intent.category.BROWSABLE" />
160-->[com.google.firebase:firebase-auth:23.2.1] AndroidManifest.xml:39:17-78
160-->[com.google.firebase:firebase-auth:23.2.1] AndroidManifest.xml:39:27-75
161
162                <data
162-->src\main\AndroidManifest.xml:48:13-51
163                    android:host="firebase.auth"
164                    android:path="/"
165                    android:scheme="recaptcha" />
166            </intent-filter>
167        </activity>
168
169        <service
169-->[androidx.credentials:credentials-play-services-auth:1.2.0-rc01] AndroidManifest.xml:24:9-32:19
170            android:name="androidx.credentials.playservices.CredentialProviderMetadataHolder"
170-->[androidx.credentials:credentials-play-services-auth:1.2.0-rc01] AndroidManifest.xml:25:13-94
171            android:enabled="true"
171-->[androidx.credentials:credentials-play-services-auth:1.2.0-rc01] AndroidManifest.xml:26:13-35
172            android:exported="false" >
172-->[androidx.credentials:credentials-play-services-auth:1.2.0-rc01] AndroidManifest.xml:27:13-37
173            <meta-data
173-->[androidx.credentials:credentials-play-services-auth:1.2.0-rc01] AndroidManifest.xml:29:13-31:104
174                android:name="androidx.credentials.CREDENTIAL_PROVIDER_KEY"
174-->[androidx.credentials:credentials-play-services-auth:1.2.0-rc01] AndroidManifest.xml:30:17-76
175                android:value="androidx.credentials.playservices.CredentialProviderPlayServicesImpl" />
175-->[androidx.credentials:credentials-play-services-auth:1.2.0-rc01] AndroidManifest.xml:31:17-101
176        </service>
177
178        <activity
178-->[androidx.credentials:credentials-play-services-auth:1.2.0-rc01] AndroidManifest.xml:34:9-41:20
179            android:name="androidx.credentials.playservices.HiddenActivity"
179-->[androidx.credentials:credentials-play-services-auth:1.2.0-rc01] AndroidManifest.xml:35:13-76
180            android:configChanges="orientation|screenSize|screenLayout|keyboardHidden"
180-->[androidx.credentials:credentials-play-services-auth:1.2.0-rc01] AndroidManifest.xml:36:13-87
181            android:enabled="true"
181-->[androidx.credentials:credentials-play-services-auth:1.2.0-rc01] AndroidManifest.xml:37:13-35
182            android:exported="false"
182-->[androidx.credentials:credentials-play-services-auth:1.2.0-rc01] AndroidManifest.xml:38:13-37
183            android:fitsSystemWindows="true"
183-->[androidx.credentials:credentials-play-services-auth:1.2.0-rc01] AndroidManifest.xml:39:13-45
184            android:theme="@style/Theme.Hidden" >
184-->[androidx.credentials:credentials-play-services-auth:1.2.0-rc01] AndroidManifest.xml:40:13-48
185        </activity>
186        <activity
186-->[com.google.android.gms:play-services-auth:20.7.0] AndroidManifest.xml:23:9-27:75
187            android:name="com.google.android.gms.auth.api.signin.internal.SignInHubActivity"
187-->[com.google.android.gms:play-services-auth:20.7.0] AndroidManifest.xml:24:13-93
188            android:excludeFromRecents="true"
188-->[com.google.android.gms:play-services-auth:20.7.0] AndroidManifest.xml:25:13-46
189            android:exported="false"
189-->[com.google.android.gms:play-services-auth:20.7.0] AndroidManifest.xml:26:13-37
190            android:theme="@android:style/Theme.Translucent.NoTitleBar" />
190-->[com.google.android.gms:play-services-auth:20.7.0] AndroidManifest.xml:27:13-72
191        <!--
192            Service handling Google Sign-In user revocation. For apps that do not integrate with
193            Google Sign-In, this service will never be started.
194        -->
195        <service
195-->[com.google.android.gms:play-services-auth:20.7.0] AndroidManifest.xml:33:9-37:51
196            android:name="com.google.android.gms.auth.api.signin.RevocationBoundService"
196-->[com.google.android.gms:play-services-auth:20.7.0] AndroidManifest.xml:34:13-89
197            android:exported="true"
197-->[com.google.android.gms:play-services-auth:20.7.0] AndroidManifest.xml:35:13-36
198            android:permission="com.google.android.gms.auth.api.signin.permission.REVOCATION_NOTIFICATION"
198-->[com.google.android.gms:play-services-auth:20.7.0] AndroidManifest.xml:36:13-107
199            android:visibleToInstantApps="true" />
199-->[com.google.android.gms:play-services-auth:20.7.0] AndroidManifest.xml:37:13-48
200
201        <activity
201-->[com.google.android.gms:play-services-base:18.3.0] AndroidManifest.xml:20:9-22:45
202            android:name="com.google.android.gms.common.api.GoogleApiActivity"
202-->[com.google.android.gms:play-services-base:18.3.0] AndroidManifest.xml:20:19-85
203            android:exported="false"
203-->[com.google.android.gms:play-services-base:18.3.0] AndroidManifest.xml:22:19-43
204            android:theme="@android:style/Theme.Translucent.NoTitleBar" />
204-->[com.google.android.gms:play-services-base:18.3.0] AndroidManifest.xml:21:19-78
205
206        <provider
206-->[com.google.firebase:firebase-common:21.0.0] AndroidManifest.xml:23:9-28:39
207            android:name="com.google.firebase.provider.FirebaseInitProvider"
207-->[com.google.firebase:firebase-common:21.0.0] AndroidManifest.xml:24:13-77
208            android:authorities="com.example.bovine_classifier_app.firebaseinitprovider"
208-->[com.google.firebase:firebase-common:21.0.0] AndroidManifest.xml:25:13-72
209            android:directBootAware="true"
209-->[com.google.firebase:firebase-common:21.0.0] AndroidManifest.xml:26:13-43
210            android:exported="false"
210-->[com.google.firebase:firebase-common:21.0.0] AndroidManifest.xml:27:13-37
211            android:initOrder="100" />
211-->[com.google.firebase:firebase-common:21.0.0] AndroidManifest.xml:28:13-36
212
213        <uses-library
213-->[androidx.window:window:1.2.0] AndroidManifest.xml:23:9-25:40
214            android:name="androidx.window.extensions"
214-->[androidx.window:window:1.2.0] AndroidManifest.xml:24:13-54
215            android:required="false" />
215-->[androidx.window:window:1.2.0] AndroidManifest.xml:25:13-37
216        <uses-library
216-->[androidx.window:window:1.2.0] AndroidManifest.xml:26:9-28:40
217            android:name="androidx.window.sidecar"
217-->[androidx.window:window:1.2.0] AndroidManifest.xml:27:13-51
218            android:required="false" />
218-->[androidx.window:window:1.2.0] AndroidManifest.xml:28:13-37
219
220        <provider
220-->[androidx.lifecycle:lifecycle-process:2.7.0] AndroidManifest.xml:24:9-32:20
221            android:name="androidx.startup.InitializationProvider"
221-->[androidx.lifecycle:lifecycle-process:2.7.0] AndroidManifest.xml:25:13-67
222            android:authorities="com.example.bovine_classifier_app.androidx-startup"
222-->[androidx.lifecycle:lifecycle-process:2.7.0] AndroidManifest.xml:26:13-68
223            android:exported="false" >
223-->[androidx.lifecycle:lifecycle-process:2.7.0] AndroidManifest.xml:27:13-37
224            <meta-data
224-->[androidx.lifecycle:lifecycle-process:2.7.0] AndroidManifest.xml:29:13-31:52
225                android:name="androidx.lifecycle.ProcessLifecycleInitializer"
225-->[androidx.lifecycle:lifecycle-process:2.7.0] AndroidManifest.xml:30:17-78
226                android:value="androidx.startup" />
226-->[androidx.lifecycle:lifecycle-process:2.7.0] AndroidManifest.xml:31:17-49
227            <meta-data
227-->[androidx.profileinstaller:profileinstaller:1.4.0] AndroidManifest.xml:29:13-31:52
228                android:name="androidx.profileinstaller.ProfileInstallerInitializer"
228-->[androidx.profileinstaller:profileinstaller:1.4.0] AndroidManifest.xml:30:17-85
229                android:value="androidx.startup" />
229-->[androidx.profileinstaller:profileinstaller:1.4.0] AndroidManifest.xml:31:17-49
230        </provider>
231
232        <meta-data
232-->[com.google.android.gms:play-services-basement:18.4.0] AndroidManifest.xml:6:9-122
233            android:name="com.google.android.gms.version"
233-->[com.google.android.gms:play-services-basement:18.4.0] AndroidManifest.xml:6:20-65
234            android:value="@integer/google_play_services_version" />
234-->[com.google.android.gms:play-services-basement:18.4.0] AndroidManifest.xml:6:66-119
235
236        <receiver
236-->[androidx.profileinstaller:profileinstaller:1.4.0] AndroidManifest.xml:34:9-52:20
237            android:name="androidx.profileinstaller.ProfileInstallReceiver"
237-->[androidx.profileinstaller:profileinstaller:1.4.0] AndroidManifest.xml:35:13-76
238            android:directBootAware="false"
238-->[androidx.profileinstaller:profileinstaller:1.4.0] AndroidManifest.xml:36:13-44
239            android:enabled="true"
239-->[androidx.profileinstaller:profileinstaller:1.4.0] AndroidManifest.xml:37:13-35
240            android:exported="true"
240-->[androidx.profileinstaller:profileinstaller:1.4.0] AndroidManifest.xml:38:13-36
241            android:permission="android.permission.DUMP" >
241-->[androidx.profileinstaller:profileinstaller:1.4.0] AndroidManifest.xml:39:13-57
242            <intent-filter>
242-->[androidx.profileinstaller:profileinstaller:1.4.0] AndroidManifest.xml:40:13-42:29
243                <action android:name="androidx.profileinstaller.action.INSTALL_PROFILE" />
243-->[androidx.profileinstaller:profileinstaller:1.4.0] AndroidManifest.xml:41:17-91
243-->[androidx.profileinstaller:profileinstaller:1.4.0] AndroidManifest.xml:41:25-88
244            </intent-filter>
245            <intent-filter>
245-->[androidx.profileinstaller:profileinstaller:1.4.0] AndroidManifest.xml:43:13-45:29
246                <action android:name="androidx.profileinstaller.action.SKIP_FILE" />
246-->[androidx.profileinstaller:profileinstaller:1.4.0] AndroidManifest.xml:44:17-85
246-->[androidx.profileinstaller:profileinstaller:1.4.0] AndroidManifest.xml:44:25-82
247            </intent-filter>
248            <intent-filter>
248-->[androidx.profileinstaller:profileinstaller:1.4.0] AndroidManifest.xml:46:13-48:29
249                <action android:name="androidx.profileinstaller.action.SAVE_PROFILE" />
249-->[androidx.profileinstaller:profileinstaller:1.4.0] AndroidManifest.xml:47:17-88
249-->[androidx.profileinstaller:profileinstaller:1.4.0] AndroidManifest.xml:47:25-85
250            </intent-filter>
251            <intent-filter>
251-->[androidx.profileinstaller:profileinstaller:1.4.0] AndroidManifest.xml:49:13-51:29
252                <action android:name="androidx.profileinstaller.action.BENCHMARK_OPERATION" />
252-->[androidx.profileinstaller:profileinstaller:1.4.0] AndroidManifest.xml:50:17-95
252-->[androidx.profileinstaller:profileinstaller:1.4.0] AndroidManifest.xml:50:25-92
253            </intent-filter>
254        </receiver> <!-- The activities will be merged into the manifest of the hosting app. -->
255        <activity
255-->[com.google.android.play:core-common:2.0.3] AndroidManifest.xml:14:9-18:65
256            android:name="com.google.android.play.core.common.PlayCoreDialogWrapperActivity"
256-->[com.google.android.play:core-common:2.0.3] AndroidManifest.xml:15:13-93
257            android:exported="false"
257-->[com.google.android.play:core-common:2.0.3] AndroidManifest.xml:16:13-37
258            android:stateNotNeeded="true"
258-->[com.google.android.play:core-common:2.0.3] AndroidManifest.xml:17:13-42
259            android:theme="@style/Theme.PlayCore.Transparent" />
259-->[com.google.android.play:core-common:2.0.3] AndroidManifest.xml:18:13-62
260    </application>
261
262</manifest>